<?xml version="1.0" encoding="UTF-8"?>
<!-- Generated by org.testng.reporters.JUnitReportReporter -->
<testsuite hostname="Jefferys-MacBook-Pro.local" name="LoginTestNG2" tests="2" failures="0" timestamp="1 Aug 2015 16:26:03 GMT" time="0.005" errors="0">
  <testcase name="testRegister" time="0.000" classname="LoginTestNG2"/>
  <testcase name="testLogin" time="0.005" classname="LoginTestNG2"/>
</testsuite> <!-- LoginTestNG2 -->
