<?xml version="1.0" encoding="UTF-8"?>
<!-- Generated by org.testng.reporters.JUnitReportReporter -->
<testsuite hostname="Jefferys-MacBook-Pro.local" name="LoginWithTestNG" tests="2" failures="0" timestamp="1 Aug 2015 02:48:19 GMT" time="6.160" errors="0">
  <testcase name="Login01" time="3.460" classname="LoginWithTestNG"/>
  <testcase name="Login02" time="2.700" classname="LoginWithTestNG"/>
</testsuite> <!-- LoginWithTestNG -->
